{"contracts/Peculium.sol":{"l":{"13":6,"17":1},"path":"/home/mohamed0/AllBlockchainWork/PeculiumFinal/PCLtoken/contracts/Peculium.sol","s":{"1":6,"2":1},"b":{},"f":{"1":6,"2":1},"fnMap":{"1":{"name":null,"line":12,"loc":{"start":{"line":12,"column":2},"end":{"line":12,"column":22}}},"2":{"name":"burn","line":16,"loc":{"start":{"line":16,"column":2},"end":{"line":16,"column":37}}}},"statementMap":{"1":{"start":{"line":13,"column":4},"end":{"line":13,"column":36}},"2":{"start":{"line":17,"column":4},"end":{"line":17,"column":27}}},"branchMap":{}}}